[ 2024-04-03 10:54:52,238 ] 15 Schools.utils - INFO - Successfully made request to: https://www.trine.edu/international/graduate/international-tuition.aspx
[ 2024-04-03 10:54:52,971 ] 28 Schools.utils - INFO - Successfully saved to: TrineUniversity/TrineUniversity_Tuition.html
[ 2024-04-03 10:54:53,245 ] 41 Schools.utils - INFO - Successfully read from: TrineUniversity/TrineUniversity_Tuition.html
[ 2024-04-03 10:54:53,513 ] 57 Schools.utils - INFO - Successfully saved to: TrineUniversity/TrineUniversity_Tuition.csv
[ 2024-04-03 10:54:53,840 ] 15 Schools.utils - INFO - Successfully made request to: https://www.trine.edu/international/graduate/international-apply.aspx
[ 2024-04-03 10:54:54,142 ] 15 Schools.utils - INFO - Successfully made request to: https://www.trine.edu/online/degrees/engineering-technology/online-doctor-information-technology.aspx
[ 2024-04-03 10:54:54,476 ] 28 Schools.utils - INFO - Successfully saved to: TrineUniversity/TrineUniversity_Requirement_GRADUATE.html
[ 2024-04-03 10:54:54,800 ] 28 Schools.utils - INFO - Successfully saved to: TrineUniversity/TrineUniversity_Requirement_DOCTOR.html
[ 2024-04-03 10:54:55,029 ] 41 Schools.utils - INFO - Successfully read from: TrineUniversity/TrineUniversity_Requirement_GRADUATE.html
[ 2024-04-03 10:54:55,375 ] 41 Schools.utils - INFO - Successfully read from: TrineUniversity/TrineUniversity_Requirement_DOCTOR.html
[ 2024-04-03 10:54:55,646 ] 57 Schools.utils - INFO - Successfully saved to: TrineUniversity/TrineUniversity_Requirement.csv
[ 2024-04-03 10:54:55,970 ] 15 Schools.utils - INFO - Successfully made request to: https://www.trine.edu/online/about/academic-calendar.aspx
[ 2024-04-03 10:54:56,276 ] 28 Schools.utils - INFO - Successfully saved to: TrineUniversity/TrineUniversity_Deadline.html
[ 2024-04-03 10:54:56,649 ] 41 Schools.utils - INFO - Successfully read from: TrineUniversity/TrineUniversity_Deadline.html
[ 2024-04-03 10:54:56,922 ] 57 Schools.utils - INFO - Successfully saved to: TrineUniversity/TrineUniversity_Deadline.csv
[ 2024-04-03 10:54:57,899 ] 15 Schools.utils - INFO - Successfully made request to: https://www.westcliff.edu/financial-aid/tuition-fees/
[ 2024-04-03 10:54:58,694 ] 28 Schools.utils - INFO - Successfully saved to: WestcliffUniversity/WestcliffUniversity_Tuition.html
[ 2024-04-03 10:54:58,963 ] 41 Schools.utils - INFO - Successfully read from: WestcliffUniversity/WestcliffUniversity_Tuition.html
[ 2024-04-03 10:54:59,292 ] 57 Schools.utils - INFO - Successfully saved to: WestcliffUniversity/WestcliffUniversity_Tuition.csv
[ 2024-04-03 10:55:00,395 ] 15 Schools.utils - INFO - Successfully made request to: https://www.westcliff.edu/academics/college-of-business/doctor-of-business-administration-dba/#information1
[ 2024-04-03 10:55:01,262 ] 15 Schools.utils - INFO - Successfully made request to: https://www.westcliff.edu/academics/college-of-education/doctorate-of-education-edd/#information1
[ 2024-04-03 10:55:01,934 ] 28 Schools.utils - INFO - Successfully saved to: WestcliffUniversity/WestcliffUniversity_Requirement_DBA.html
[ 2024-04-03 10:55:02,701 ] 28 Schools.utils - INFO - Successfully saved to: WestcliffUniversity/WestcliffUniversity_Requirement_EdD.html
[ 2024-04-03 10:55:03,062 ] 41 Schools.utils - INFO - Successfully read from: WestcliffUniversity/WestcliffUniversity_Requirement_DBA.html
[ 2024-04-03 10:55:03,423 ] 41 Schools.utils - INFO - Successfully read from: WestcliffUniversity/WestcliffUniversity_Requirement_EdD.html
